Removed Pin From Net: NetName=Net_2 Pin=-2
Removed Pin From Net: NetName=NetIC2_1 Pin=IC2-1
Removed Pin From Net: NetName=Net_2 Pin=IC2-3
Removed Pin From Net: NetName=PC0 Pin=J5-1
Removed Pin From Net: NetName=PC1 Pin=J5-2
Removed Pin From Net: NetName=PC2 Pin=J5-3
Removed Pin From Net: NetName=PC3 Pin=J5-4
Removed Pin From Net: NetName=PC4 Pin=J5-5
Removed Pin From Net: NetName=PC5 Pin=J5-6
Removed Pin From Net: NetName=PC6 Pin=J5-7
Removed Pin From Net: NetName=PC7 Pin=J5-8
Removed Pin From Net: NetName=GND Pin=J7-1
Removed Pin From Net: NetName=VCC Pin=J7-2
Removed Pin From Net: NetName=NetC?_3 Pin=J7-3
Removed Pin From Net: NetName=PD6 Pin=J7-4
Removed Pin From Net: NetName=PD5 Pin=J7-5
Removed Pin From Net: NetName=PD7 Pin=J7-6
Removed Pin From Net: NetName=PC0 Pin=J7-7
Removed Pin From Net: NetName=PC1 Pin=J7-8
Removed Pin From Net: NetName=PC2 Pin=J7-9
Removed Pin From Net: NetName=PC3 Pin=J7-10
Removed Pin From Net: NetName=PC4 Pin=J7-11
Removed Pin From Net: NetName=PC5 Pin=J7-12
Removed Pin From Net: NetName=PC6 Pin=J7-13
Removed Pin From Net: NetName=PC7 Pin=J7-14
Removed Pin From Net: NetName=NetIC2_1 Pin=R3-2
Removed Pin From Net: NetName=NetC?_3 Pin=R5-2
Removed Pin From Net: NetName=NetD11_1 Pin=R6-2
Removed Pin From Net: NetName=NetD11_2 Pin=R7-2
Removed Pin From Net: NetName=NetD11_5 Pin=R9-2
Removed Pin From Net: NetName=NetD11_6 Pin=R10-2
Removed Pin From Net: NetName=NetD11_7 Pin=R11-2
Removed Pin From Net: NetName=NetD11_9 Pin=R12-2
Removed Pin From Net: NetName=NetD11_10 Pin=R13-2
Change Component Designator: OldDesignator= NewDesignator=R21
Change Component Designator: OldDesignator= NewDesignator=R22
Change Component Designator: OldDesignator= NewDesignator=R23
Change Component Designator: OldDesignator= NewDesignator=R24
Change Component Designator: OldDesignator= NewDesignator=R25
Change Component Designator: OldDesignator= NewDesignator=R26
Change Component Designator: OldDesignator= NewDesignator=R27
Change Component Designator: OldDesignator=D? NewDesignator=D2
Change Component Designator: OldDesignator=D? NewDesignator=D3
Change Component Designator: OldDesignator=D? NewDesignator=D4
Change Component Designator: OldDesignator=D? NewDesignator=D5
Change Component Designator: OldDesignator=D? NewDesignator=D6
Change Component Designator: OldDesignator=D? NewDesignator=D7
Change Component Designator: OldDesignator=D? NewDesignator=D8
Change Component Designator: OldDesignator=D? NewDesignator=D9
Change Component Designator: OldDesignator=R? NewDesignator=R1
Change Component Designator: OldDesignator=R? NewDesignator=R2
Change Component Designator: OldDesignator=R? NewDesignator=R4
Change Component Designator: OldDesignator=R? NewDesignator=R16
Change Component Designator: OldDesignator=R? NewDesignator=R17
Change Component Designator: OldDesignator=R? NewDesignator=R18
Change Component Designator: OldDesignator=R? NewDesignator=R19
Change Component Designator: OldDesignator=R? NewDesignator=R20
Added Component: Designator=LCD1(LCD16X2)
Add component (AddParameter): Name = "Value"; Value = "LCD16x2A"; VariantName = "[No Variations]"
Added Component: Designator=LED1(LED-3MM-YELLOW)
Add component (AddParameter): Name = "Value"; Value = "LED 3 ly Single Colour"; VariantName = "[No Variations]"
Added Component: Designator=SW1(SW4)
Add component (AddParameter): Name = "Value"; Value = "Button chip 4 pin"; VariantName = "[No Variations]"
Added Component: Designator=SW2(SW4)
Add component (AddParameter): Name = "Value"; Value = "Button chip 4 pin"; VariantName = "[No Variations]"
Added Component: Designator=SW3(SW4)
Add component (AddParameter): Name = "Value"; Value = "Button chip 4 pin"; VariantName = "[No Variations]"
Added Component: Designator=SW4(SW4)
Add component (AddParameter): Name = "Value"; Value = "Button chip 4 pin"; VariantName = "[No Variations]"
Added Component: Designator=SW5(SW4)
Add component (AddParameter): Name = "Value"; Value = "Button chip 4 pin"; VariantName = "[No Variations]"
Added Pin To Net: NetName=PB0 Pin=IC2-1
Added Pin To Net: NetName=PB1 Pin=IC2-2
Added Pin To Net: NetName=PB2 Pin=IC2-3
Added Pin To Net: NetName=PB3 Pin=IC2-4
Added Pin To Net: NetName=PB4 Pin=IC2-5
Added Pin To Net: NetName=MOSI Pin=IC2-6
Added Pin To Net: NetName=MISO Pin=IC2-7
Added Pin To Net: NetName=SCK Pin=IC2-8
Added Pin To Net: NetName=PD7 Pin=IC2-21
Added Pin To Net: NetName=PC0 Pin=IC2-22
Added Pin To Net: NetName=PC1 Pin=IC2-23
Added Pin To Net: NetName=PC2 Pin=IC2-24
Added Pin To Net: NetName=PC3 Pin=IC2-25
Added Pin To Net: NetName=PC4 Pin=IC2-26
Added Pin To Net: NetName=PC5 Pin=IC2-27
Added Pin To Net: NetName=PC6 Pin=IC2-28
Added Pin To Net: NetName=PC7 Pin=IC2-29
Added Pin To Net: NetName=PC7 Pin=J5-1
Added Pin To Net: NetName=PC6 Pin=J5-2
Added Pin To Net: NetName=PC5 Pin=J5-3
Added Pin To Net: NetName=PC4 Pin=J5-4
Added Pin To Net: NetName=PC3 Pin=J5-5
Added Pin To Net: NetName=PC2 Pin=J5-6
Added Pin To Net: NetName=PC1 Pin=J5-7
Added Pin To Net: NetName=PC0 Pin=J5-8
Added Pin To Net: NetName=GND Pin=LCD1-1
Added Pin To Net: NetName=VCC Pin=LCD1-2
Added Pin To Net: NetName=PD6 Pin=LCD1-4
Added Pin To Net: NetName=PD5 Pin=LCD1-5
Added Pin To Net: NetName=PD7 Pin=LCD1-6
Added Pin To Net: NetName=PC0 Pin=LCD1-7
Added Pin To Net: NetName=PC1 Pin=LCD1-8
Added Pin To Net: NetName=PC2 Pin=LCD1-9
Added Pin To Net: NetName=PC3 Pin=LCD1-10
Added Pin To Net: NetName=PC4 Pin=LCD1-11
Added Pin To Net: NetName=PC5 Pin=LCD1-12
Added Pin To Net: NetName=PC6 Pin=LCD1-13
Added Pin To Net: NetName=PC7 Pin=LCD1-14
Added Pin To Net: NetName=Net1k_1 Pin=LED1-1
Added Pin To Net: NetName=GND Pin=LED1-2
Added Pin To Net: NetName=PB0 Pin=R3-2
Added Pin To Net: NetName=PC0 Pin=R6-1
Added Pin To Net: NetName=NetD11_7 Pin=R6-2
Added Pin To Net: NetName=PC1 Pin=R7-1
Added Pin To Net: NetName=NetD11_6 Pin=R7-2
Added Pin To Net: NetName=PC2 Pin=R8-1
Added Pin To Net: NetName=PC3 Pin=R9-1
Added Pin To Net: NetName=NetD11_2 Pin=R9-2
Added Pin To Net: NetName=PC4 Pin=R10-1
Added Pin To Net: NetName=NetD11_1 Pin=R10-2
Added Pin To Net: NetName=PC5 Pin=R11-1
Added Pin To Net: NetName=NetD11_9 Pin=R11-2
Added Pin To Net: NetName=PC6 Pin=R12-1
Added Pin To Net: NetName=NetD11_10 Pin=R12-2
Added Pin To Net: NetName=PC7 Pin=R13-1
Added Pin To Net: NetName=NetD11_5 Pin=R13-2
Added Pin To Net: NetName=AVR_TX Pin=R14-1
Added Pin To Net: NetName=AVR_RX Pin=R15-1
Added Pin To Net: NetName=PB1 Pin=R21-2
Added Pin To Net: NetName=PB2 Pin=R22-2
Added Pin To Net: NetName=PB3 Pin=R23-2
Added Pin To Net: NetName=PB4 Pin=R24-2
Added Pin To Net: NetName=MOSI Pin=R25-2
Added Pin To Net: NetName=MISO Pin=R26-2
Added Pin To Net: NetName=SCK Pin=R27-2
Added Pin To Net: NetName=GND Pin=SW1-1
Added Pin To Net: NetName=GND Pin=SW1-3
Added Pin To Net: NetName=GND Pin=SW2-1
Added Pin To Net: NetName=NetIC2_1 Pin=SW2-2
Added Pin To Net: NetName=GND Pin=SW2-3
Added Pin To Net: NetName=NetIC2_1 Pin=SW2-4
Added Pin To Net: NetName=GND Pin=SW3-1
Added Pin To Net: NetName=NetC?_3 Pin=SW3-2
Added Pin To Net: NetName=GND Pin=SW3-3
Added Pin To Net: NetName=NetC?_3 Pin=SW3-4
Added Pin To Net: NetName=GND Pin=SW4-1
Added Pin To Net: NetName=Net_2 Pin=SW4-2
Added Pin To Net: NetName=GND Pin=SW4-3
Added Pin To Net: NetName=Net_2 Pin=SW4-4
Added Pin To Net: NetName=GND Pin=SW5-1
Added Pin To Net: NetName=Net_1 Pin=SW5-2
Added Pin To Net: NetName=GND Pin=SW5-3
Added Pin To Net: NetName=Net_1 Pin=SW5-4
Change Net Name : Old Net Name=Net_1 New Net Name=NetSW5_2
Change Net Name : Old Net Name=Net_2 New Net Name=NetSW4_2
Change Net Name : Old Net Name=NetC6_1 New Net Name=PA0
Change Net Name : Old Net Name=NetC?_3 New Net Name=NetSW3_2
Change Net Name : Old Net Name=NetD?_1 New Net Name=NetD4_1
Change Net Name : Old Net Name=NetIC2_1 New Net Name=NetSW2_2
Change Net Name : Old Net Name=NetIC2_33 New Net Name=PA7
Change Net Name : Old Net Name=NetIC2_34 New Net Name=PA6
Change Net Name : Old Net Name=NetIC2_35 New Net Name=PA5
Change Net Name : Old Net Name=NetIC2_36 New Net Name=PA4
Change Net Name : Old Net Name=NetIC2_37 New Net Name=PA3
Change Net Name : Old Net Name=NetIC2_38 New Net Name=PA2
Change Net Name : Old Net Name=NetIC2_39 New Net Name=PA1
Added Pin To Net: NetName=NetD2_1 Pin=D2-1
Added Pin To Net: NetName=NetD2_1 Pin=R1-2
Added Net: Name=NetD2_1
Added Pin To Net: NetName=NetD3_1 Pin=D3-1
Added Pin To Net: NetName=NetD3_1 Pin=R2-2
Added Net: Name=NetD3_1
Added Pin To Net: NetName=NetD5_1 Pin=D5-1
Added Pin To Net: NetName=NetD5_1 Pin=R16-2
Added Net: Name=NetD5_1
Added Pin To Net: NetName=NetD6_1 Pin=D6-1
Added Pin To Net: NetName=NetD6_1 Pin=R17-2
Added Net: Name=NetD6_1
Added Pin To Net: NetName=NetD7_1 Pin=D7-1
Added Pin To Net: NetName=NetD7_1 Pin=R18-2
Added Net: Name=NetD7_1
Added Pin To Net: NetName=NetD8_1 Pin=D8-1
Added Pin To Net: NetName=NetD8_1 Pin=R19-2
Added Net: Name=NetD8_1
Added Pin To Net: NetName=NetD9_1 Pin=D9-1
Added Pin To Net: NetName=NetD9_1 Pin=R20-2
Added Net: Name=NetD9_1
Added Pin To Net: NetName=NetLCD1_3 Pin=LCD1-3
Added Pin To Net: NetName=NetLCD1_3 Pin=R5-2
Added Net: Name=NetLCD1_3
Added Pin To Net: NetName=NetSW1_2 Pin=SW1-2
Added Pin To Net: NetName=NetSW1_2 Pin=SW1-4
Added Net: Name=NetSW1_2
Added Member To Class: ClassName=Sheet1 Member=Component 1k
Added Member To Class: ClassName=Sheet1 Member=Component C1 1000u
Added Member To Class: ClassName=Sheet1 Member=Component C2 1000u
Added Member To Class: ClassName=Sheet1 Member=Component C3 100n
Added Member To Class: ClassName=Sheet1 Member=Component C4 100n
Added Member To Class: ClassName=Sheet1 Member=Component C5 100p
Added Member To Class: ClassName=Sheet1 Member=Component C6 100n
Added Member To Class: ClassName=Sheet1 Member=Component C7 10uF
Added Member To Class: ClassName=Sheet1 Member=Component C8 22p
Added Member To Class: ClassName=Sheet1 Member=Component C9 22p
Added Member To Class: ClassName=Sheet1 Member=Component D1 1N4007
Added Member To Class: ClassName=Sheet1 Member=Component D2 LED2
Added Member To Class: ClassName=Sheet1 Member=Component D3 LED2
Added Member To Class: ClassName=Sheet1 Member=Component D4 LED2
Added Member To Class: ClassName=Sheet1 Member=Component D5 LED2
Added Member To Class: ClassName=Sheet1 Member=Component D6 LED2
Added Member To Class: ClassName=Sheet1 Member=Component D7 LED2
Added Member To Class: ClassName=Sheet1 Member=Component D8 LED2
Added Member To Class: ClassName=Sheet1 Member=Component D9 LED2
Added Member To Class: ClassName=Sheet1 Member=Component D11 7SEG S
Added Member To Class: ClassName=Sheet1 Member=Component DC 9V-12V Jack DC 12V
Added Member To Class: ClassName=Sheet1 Member=Component H1 1
Added Member To Class: ClassName=Sheet1 Member=Component H2 1
Added Member To Class: ClassName=Sheet1 Member=Component H3 1
Added Member To Class: ClassName=Sheet1 Member=Component H4 1
Added Member To Class: ClassName=Sheet1 Member=Component H5 1
Added Member To Class: ClassName=Sheet1 Member=Component IC1 LM7805
Added Member To Class: ClassName=Sheet1 Member=Component IC2 ATMEL 16L
Added Member To Class: ClassName=Sheet1 Member=Component J2 Prog.
Added Member To Class: ClassName=Sheet1 Member=Component J3 PA
Added Member To Class: ClassName=Sheet1 Member=Component J4 PB
Added Member To Class: ClassName=Sheet1 Member=Component J5 PC
Added Member To Class: ClassName=Sheet1 Member=Component J6 PD
Added Member To Class: ClassName=Sheet1 Member=Component J8 JP6
Added Member To Class: ClassName=Sheet1 Member=Component JP1 Jumper 2
Added Member To Class: ClassName=Sheet1 Member=Component JP2 Jumper 2
Added Member To Class: ClassName=Sheet1 Member=Component LCD1 LCD16x2A
Added Member To Class: ClassName=Sheet1 Member=Component LED1 LED
Added Member To Class: ClassName=Sheet1 Member=Component LG1 1
Added Member To Class: ClassName=Sheet1 Member=Component R1 1k
Added Member To Class: ClassName=Sheet1 Member=Component R2 1k
Added Member To Class: ClassName=Sheet1 Member=Component R3 10k
Added Member To Class: ClassName=Sheet1 Member=Component R4 1k
Added Member To Class: ClassName=Sheet1 Member=Component R5 1k
Added Member To Class: ClassName=Sheet1 Member=Component R6 1k
Added Member To Class: ClassName=Sheet1 Member=Component R7 1k
Added Member To Class: ClassName=Sheet1 Member=Component R8 1k
Added Member To Class: ClassName=Sheet1 Member=Component R9 1k
Added Member To Class: ClassName=Sheet1 Member=Component R10 1k
Added Member To Class: ClassName=Sheet1 Member=Component R11 1k
Added Member To Class: ClassName=Sheet1 Member=Component R12 1k
Added Member To Class: ClassName=Sheet1 Member=Component R13 1k
Added Member To Class: ClassName=Sheet1 Member=Component R14 100
Added Member To Class: ClassName=Sheet1 Member=Component R15 100
Added Member To Class: ClassName=Sheet1 Member=Component R16 1k
Added Member To Class: ClassName=Sheet1 Member=Component R17 1k
Added Member To Class: ClassName=Sheet1 Member=Component R18 1k
Added Member To Class: ClassName=Sheet1 Member=Component R19 1k
Added Member To Class: ClassName=Sheet1 Member=Component R20 1k
Added Member To Class: ClassName=Sheet1 Member=Component R21
Added Member To Class: ClassName=Sheet1 Member=Component R22
Added Member To Class: ClassName=Sheet1 Member=Component R23
Added Member To Class: ClassName=Sheet1 Member=Component R24
Added Member To Class: ClassName=Sheet1 Member=Component R25
Added Member To Class: ClassName=Sheet1 Member=Component R26
Added Member To Class: ClassName=Sheet1 Member=Component R27
Added Member To Class: ClassName=Sheet1 Member=Component SW1 SW
Added Member To Class: ClassName=Sheet1 Member=Component SW2 SW
Added Member To Class: ClassName=Sheet1 Member=Component SW3 SW
Added Member To Class: ClassName=Sheet1 Member=Component SW4 SW
Added Member To Class: ClassName=Sheet1 Member=Component SW5 SW
Added Member To Class: ClassName=Sheet1 Member=Component VR1 10K
Added Member To Class: ClassName=Sheet1 Member=Component XT 10Mhz
Added Room: Name=Sheet1
