Removed Pin From Net: NetName=VCC Pin=-1
Added Component: Designator=1k(SM-1206)
Add component (AddParameter): Name = "Value"; Value = "R1/4W - 1K"; VariantName = "[No Variations]"
Added Component: Designator=C1(CP1/2)
Add component (AddParameter): Name = "Description 1"; Value = "10 => 220uF/6,3V/10V - 10uF => 100uF/16V"; VariantName = "[No Variations]"
Add component (AddParameter): Name = "Description 2"; Value = "0,1uF => 33uF/50V - 10uF => 22uF/63V"; VariantName = "[No Variations]"
Add component (AddParameter): Name = "Description 3"; Value = "0,47uF => 10uF/100V"; VariantName = "[No Variations]"
Add component (AddParameter): Name = "Value"; Value = "10uF/50V"; VariantName = "[No Variations]"
Added Component: Designator=C2(CP1/2)
Add component (AddParameter): Name = "Description 1"; Value = "10 => 220uF/6,3V/10V - 10uF => 100uF/16V"; VariantName = "[No Variations]"
Add component (AddParameter): Name = "Description 2"; Value = "0,1uF => 33uF/50V - 10uF => 22uF/63V"; VariantName = "[No Variations]"
Add component (AddParameter): Name = "Description 3"; Value = "0,47uF => 10uF/100V"; VariantName = "[No Variations]"
Add component (AddParameter): Name = "Value"; Value = "10uF/50V"; VariantName = "[No Variations]"
Added Component: Designator=C3(CN1)
Add component (AddParameter): Name = "Value"; Value = "100pF"; VariantName = "[No Variations]"
Added Component: Designator=C4(CN1)
Add component (AddParameter): Name = "Value"; Value = "100pF"; VariantName = "[No Variations]"
Added Component: Designator=C5(CN1)
Add component (AddParameter): Name = "Value"; Value = "100pF"; VariantName = "[No Variations]"
Added Component: Designator=C6(CN1)
Add component (AddParameter): Name = "Value"; Value = "100pF"; VariantName = "[No Variations]"
Added Component: Designator=C7(CP1/2)
Add component (AddParameter): Name = "Description 1"; Value = "10 => 220uF/6,3V/10V - 10uF => 100uF/16V"; VariantName = "[No Variations]"
Add component (AddParameter): Name = "Description 2"; Value = "0,1uF => 33uF/50V - 10uF => 22uF/63V"; VariantName = "[No Variations]"
Add component (AddParameter): Name = "Description 3"; Value = "0,47uF => 10uF/100V"; VariantName = "[No Variations]"
Add component (AddParameter): Name = "Value"; Value = "10uF/50V"; VariantName = "[No Variations]"
Added Component: Designator=C8(CN1)
Add component (AddParameter): Name = "Value"; Value = "100pF"; VariantName = "[No Variations]"
Added Component: Designator=C9(CN1)
Add component (AddParameter): Name = "Value"; Value = "100pF"; VariantName = "[No Variations]"
Added Component: Designator=D11(7SEGS)
Add component (AddParameter): Name = "Value"; Value = "LED 7S SEG"; VariantName = "[No Variations]"
Added Component: Designator=DC 9V-12V(DC-IN)
Add component (AddParameter): Name = "Chung_Loai"; Value = "C?m"; VariantName = "[No Variations]"
Add component (AddParameter): Name = "Don_Vi"; Value = "Con"; VariantName = "[No Variations]"
Add component (AddParameter): Name = "Ghi_Chu"; Value = ""; VariantName = "[No Variations]"
Add component (AddParameter): Name = "Kieu_Chan"; Value = ""; VariantName = "[No Variations]"
Add component (AddParameter): Name = "Ma_Hang"; Value = "MH000923"; VariantName = "[No Variations]"
Add component (AddParameter): Name = "Ten_Linh_Kien"; Value = "Jack DC5.5x2.1MM DC5501"; VariantName = "[No Variations]"
Added Component: Designator=H1(VIT)
Added Component: Designator=H2(VIT)
Added Component: Designator=H3(VIT)
Added Component: Designator=H4(VIT)
Added Component: Designator=H5(VIT)
Added Component: Designator=IC1(78l05)
Add component (AddParameter): Name = "Value"; Value = "LM7805"; VariantName = "[No Variations]"
Added Component: Designator=IC2(DIP40/W0.6)
Add component (AddParameter): Name = "Value"; Value = "Atmega 16L"; VariantName = "[No Variations]"
Added Component: Designator=J2(ISP)
Added Component: Designator=J3(JP8)
Add component (AddParameter): Name = "Value"; Value = "JP7"; VariantName = "[No Variations]"
Added Component: Designator=J4(JP8)
Add component (AddParameter): Name = "Value"; Value = "JP7"; VariantName = "[No Variations]"
Added Component: Designator=J5(JP8)
Add component (AddParameter): Name = "Value"; Value = "JP7"; VariantName = "[No Variations]"
Added Component: Designator=J6(JP8)
Add component (AddParameter): Name = "Value"; Value = "JP7"; VariantName = "[No Variations]"
Added Component: Designator=J8(JP6)
Add component (AddParameter): Name = "Value"; Value = "JP7"; VariantName = "[No Variations]"
Added Component: Designator=JP1(JP2)
Add component (AddParameter): Name = "Value"; Value = "JP 2"; VariantName = "[No Variations]"
Added Component: Designator=JP2(JP2)
Add component (AddParameter): Name = "Value"; Value = "JP 2"; VariantName = "[No Variations]"
Added Component: Designator=LCD 1602(LCD16X2)
Add component (AddParameter): Name = "Value"; Value = "LCD16x2A"; VariantName = "[No Variations]"
Added Component: Designator=LG1(VIT)
Added Component: Designator=PB0(JP1-D1T)
Add component (AddParameter): Name = "ComponentLink1 Description"; Value = "Manufacturer"; VariantName = "[No Variations]"
Add component (AddParameter): Name = "ComponentLink1URL"; Value = "http://www.we-online.com"; VariantName = "[No Variations]"
Add component (AddParameter): Name = "ComponentLink2 Description"; Value = "Datasheet"; VariantName = "[No Variations]"
Add component (AddParameter): Name = "ComponentLink2URL"; Value = "http://katalog.we-online.de/em/datasheet/6130xx143121.pdf"; VariantName = "[No Variations]"
Add component (AddParameter): Name = "Created by"; Value = "Karrer Zheng"; VariantName = "[No Variations]"
Add component (AddParameter): Name = "Created Date"; Value = "29 March 2013"; VariantName = "[No Variations]"
Add component (AddParameter): Name = "Manufacturer"; Value = "W¨¹rth Elektronik eiSos GmbH"; VariantName = "[No Variations]"
Add component (AddParameter): Name = "NoPins"; Value = "02"; VariantName = "[No Variations]"
Add component (AddParameter): Name = "partNo"; Value = "613002143121"; VariantName = "[No Variations]"
Added Component: Designator=PB1(JP1-D1T)
Add component (AddParameter): Name = "ComponentLink1 Description"; Value = "Manufacturer"; VariantName = "[No Variations]"
Add component (AddParameter): Name = "ComponentLink1URL"; Value = "http://www.we-online.com"; VariantName = "[No Variations]"
Add component (AddParameter): Name = "ComponentLink2 Description"; Value = "Datasheet"; VariantName = "[No Variations]"
Add component (AddParameter): Name = "ComponentLink2URL"; Value = "http://katalog.we-online.de/em/datasheet/6130xx143121.pdf"; VariantName = "[No Variations]"
Add component (AddParameter): Name = "Created by"; Value = "Karrer Zheng"; VariantName = "[No Variations]"
Add component (AddParameter): Name = "Created Date"; Value = "29 March 2013"; VariantName = "[No Variations]"
Add component (AddParameter): Name = "Manufacturer"; Value = "W¨¹rth Elektronik eiSos GmbH"; VariantName = "[No Variations]"
Add component (AddParameter): Name = "NoPins"; Value = "02"; VariantName = "[No Variations]"
Add component (AddParameter): Name = "partNo"; Value = "613002143121"; VariantName = "[No Variations]"
Added Component: Designator=PB2(JP1-D1T)
Add component (AddParameter): Name = "ComponentLink1 Description"; Value = "Manufacturer"; VariantName = "[No Variations]"
Add component (AddParameter): Name = "ComponentLink1URL"; Value = "http://www.we-online.com"; VariantName = "[No Variations]"
Add component (AddParameter): Name = "ComponentLink2 Description"; Value = "Datasheet"; VariantName = "[No Variations]"
Add component (AddParameter): Name = "ComponentLink2URL"; Value = "http://katalog.we-online.de/em/datasheet/6130xx143121.pdf"; VariantName = "[No Variations]"
Add component (AddParameter): Name = "Created by"; Value = "Karrer Zheng"; VariantName = "[No Variations]"
Add component (AddParameter): Name = "Created Date"; Value = "29 March 2013"; VariantName = "[No Variations]"
Add component (AddParameter): Name = "Manufacturer"; Value = "W¨¹rth Elektronik eiSos GmbH"; VariantName = "[No Variations]"
Add component (AddParameter): Name = "NoPins"; Value = "02"; VariantName = "[No Variations]"
Add component (AddParameter): Name = "partNo"; Value = "613002143121"; VariantName = "[No Variations]"
Added Component: Designator=PB3(JP1-D1T)
Add component (AddParameter): Name = "ComponentLink1 Description"; Value = "Manufacturer"; VariantName = "[No Variations]"
Add component (AddParameter): Name = "ComponentLink1URL"; Value = "http://www.we-online.com"; VariantName = "[No Variations]"
Add component (AddParameter): Name = "ComponentLink2 Description"; Value = "Datasheet"; VariantName = "[No Variations]"
Add component (AddParameter): Name = "ComponentLink2URL"; Value = "http://katalog.we-online.de/em/datasheet/6130xx143121.pdf"; VariantName = "[No Variations]"
Add component (AddParameter): Name = "Created by"; Value = "Karrer Zheng"; VariantName = "[No Variations]"
Add component (AddParameter): Name = "Created Date"; Value = "29 March 2013"; VariantName = "[No Variations]"
Add component (AddParameter): Name = "Manufacturer"; Value = "W¨¹rth Elektronik eiSos GmbH"; VariantName = "[No Variations]"
Add component (AddParameter): Name = "NoPins"; Value = "02"; VariantName = "[No Variations]"
Add component (AddParameter): Name = "partNo"; Value = "613002143121"; VariantName = "[No Variations]"
Added Component: Designator=R3(SM-1206)
Add component (AddParameter): Name = "Value"; Value = "R1/4W - 1K"; VariantName = "[No Variations]"
Added Component: Designator=R5(SM-1206)
Add component (AddParameter): Name = "Value"; Value = "R1/4W - 1K"; VariantName = "[No Variations]"
Added Component: Designator=R6(SM-1206)
Add component (AddParameter): Name = "Value"; Value = "R1/4W - 1K"; VariantName = "[No Variations]"
Added Component: Designator=R7(SM-1206)
Add component (AddParameter): Name = "Value"; Value = "R1/4W - 1K"; VariantName = "[No Variations]"
Added Component: Designator=R8(SM-1206)
Add component (AddParameter): Name = "Value"; Value = "R1/4W - 1K"; VariantName = "[No Variations]"
Added Component: Designator=R9(SM-1206)
Add component (AddParameter): Name = "Value"; Value = "R1/4W - 1K"; VariantName = "[No Variations]"
Added Component: Designator=R10(SM-1206)
Add component (AddParameter): Name = "Value"; Value = "R1/4W - 1K"; VariantName = "[No Variations]"
Added Component: Designator=R11(SM-1206)
Add component (AddParameter): Name = "Value"; Value = "R1/4W - 1K"; VariantName = "[No Variations]"
Added Component: Designator=R12(SM-1206)
Add component (AddParameter): Name = "Value"; Value = "R1/4W - 1K"; VariantName = "[No Variations]"
Added Component: Designator=R13(SM-1206)
Add component (AddParameter): Name = "Value"; Value = "R1/4W - 1K"; VariantName = "[No Variations]"
Added Component: Designator=R14(SM-1206)
Add component (AddParameter): Name = "Value"; Value = "R1/4W - 1K"; VariantName = "[No Variations]"
Added Component: Designator=R15(SM-1206)
Add component (AddParameter): Name = "Value"; Value = "R1/4W - 1K"; VariantName = "[No Variations]"
Added Component: Designator=R?(SM-1206)
Add component (AddParameter): Name = "Value"; Value = "R1/4W - 1K"; VariantName = "[No Variations]"
Added Component: Designator=R?(SM-1206)
Add component (AddParameter): Name = "Value"; Value = "R1/4W - 1K"; VariantName = "[No Variations]"
Added Component: Designator=R?(SM-1206)
Add component (AddParameter): Name = "Value"; Value = "R1/4W - 1K"; VariantName = "[No Variations]"
Added Component: Designator=R?(SM-1206)
Add component (AddParameter): Name = "Value"; Value = "R1/4W - 1K"; VariantName = "[No Variations]"
Added Component: Designator=R?(SM-1206)
Add component (AddParameter): Name = "Value"; Value = "R1/4W - 1K"; VariantName = "[No Variations]"
Added Component: Designator=R?(SM-1206)
Add component (AddParameter): Name = "Value"; Value = "R1/4W - 1K"; VariantName = "[No Variations]"
Added Component: Designator=R?(SM-1206)
Add component (AddParameter): Name = "Value"; Value = "R1/4W - 1K"; VariantName = "[No Variations]"
Added Component: Designator=R?(SM-1206)
Add component (AddParameter): Name = "Value"; Value = "R1/4W - 1K"; VariantName = "[No Variations]"
Added Component: Designator=RESET(JP1-D1T)
Add component (AddParameter): Name = "ComponentLink1 Description"; Value = "Manufacturer"; VariantName = "[No Variations]"
Add component (AddParameter): Name = "ComponentLink1URL"; Value = "http://www.we-online.com"; VariantName = "[No Variations]"
Add component (AddParameter): Name = "ComponentLink2 Description"; Value = "Datasheet"; VariantName = "[No Variations]"
Add component (AddParameter): Name = "ComponentLink2URL"; Value = "http://katalog.we-online.de/em/datasheet/6130xx143121.pdf"; VariantName = "[No Variations]"
Add component (AddParameter): Name = "Created by"; Value = "Karrer Zheng"; VariantName = "[No Variations]"
Add component (AddParameter): Name = "Created Date"; Value = "29 March 2013"; VariantName = "[No Variations]"
Add component (AddParameter): Name = "Manufacturer"; Value = "W¨¹rth Elektronik eiSos GmbH"; VariantName = "[No Variations]"
Add component (AddParameter): Name = "NoPins"; Value = "02"; VariantName = "[No Variations]"
Add component (AddParameter): Name = "partNo"; Value = "613002143121"; VariantName = "[No Variations]"
Added Component: Designator=(SM-1206)
Add component (AddParameter): Name = "Value"; Value = "R1/4W - 1K"; VariantName = "[No Variations]"
Added Component: Designator=(JP2)
Add component (AddParameter): Name = "Value"; Value = "JP 2"; VariantName = "[No Variations]"
Added Component: Designator=(SM-1206)
Add component (AddParameter): Name = "Value"; Value = "R1/4W - 1K"; VariantName = "[No Variations]"
Added Component: Designator=(JP2)
Add component (AddParameter): Name = "Value"; Value = "JP 2"; VariantName = "[No Variations]"
Added Component: Designator=(SM-1206)
Add component (AddParameter): Name = "Value"; Value = "R1/4W - 1K"; VariantName = "[No Variations]"
Added Component: Designator=(SM-1206)
Add component (AddParameter): Name = "Value"; Value = "R1/4W - 1K"; VariantName = "[No Variations]"
Added Component: Designator=(SM-1206)
Add component (AddParameter): Name = "Value"; Value = "R1/4W - 1K"; VariantName = "[No Variations]"
Added Component: Designator=(JP2)
Add component (AddParameter): Name = "Value"; Value = "JP 2"; VariantName = "[No Variations]"
Added Component: Designator=(JP2)
Add component (AddParameter): Name = "Value"; Value = "JP 2"; VariantName = "[No Variations]"
Added Component: Designator=(JP2)
Add component (AddParameter): Name = "Value"; Value = "JP 2"; VariantName = "[No Variations]"
Added Component: Designator=(sw_ran_2pin)
Add component (AddParameter): Name = "Value"; Value = "SW chip 2 pin"; VariantName = "[No Variations]"
Added Component: Designator=(SM-1206)
Add component (AddParameter): Name = "Value"; Value = "R1/4W - 1K"; VariantName = "[No Variations]"
Added Component: Designator=(sw_ran_2pin)
Add component (AddParameter): Name = "Value"; Value = "SW chip 2 pin"; VariantName = "[No Variations]"
Added Component: Designator=(sw_ran_2pin)
Add component (AddParameter): Name = "Value"; Value = "SW chip 2 pin"; VariantName = "[No Variations]"
Added Component: Designator=(sw_ran_2pin)
Add component (AddParameter): Name = "Value"; Value = "SW chip 2 pin"; VariantName = "[No Variations]"
Added Component: Designator=(SM-1206)
Add component (AddParameter): Name = "Value"; Value = "R1/4W - 1K"; VariantName = "[No Variations]"
Added Component: Designator=(sw_ran_2pin)
Add component (AddParameter): Name = "Value"; Value = "SW chip 2 pin"; VariantName = "[No Variations]"
Added Component: Designator=VR1(VR)
Add component (AddParameter): Name = "Value"; Value = "VR 10K"; VariantName = "[No Variations]"
Added Component: Designator=XT(XT3)
Add component (AddParameter): Name = "Value"; Value = "4Mhz"; VariantName = "[No Variations]"
Added Pin To Net: NetName=Net_1 Pin=-1
Added Pin To Net: NetName=Net_1 Pin=-1
Added Pin To Net: NetName=VCC Pin=-1
Added Pin To Net: NetName=VCC Pin=-1
Added Pin To Net: NetName=VCC Pin=-1
Added Pin To Net: NetName=VCC Pin=-1
Added Pin To Net: NetName=VCC Pin=-1
Added Pin To Net: NetName=VCC Pin=-1
Added Pin To Net: NetName=VCC Pin=-1
Added Pin To Net: NetName=GND Pin=-2
Added Pin To Net: NetName=GND Pin=-2
Added Pin To Net: NetName=GND Pin=-2
Added Pin To Net: NetName=GND Pin=-2
Added Pin To Net: NetName=GND Pin=-2
Added Pin To Net: NetName=Net_2 Pin=-2
Added Pin To Net: NetName=Net1k_1 Pin=1k-1
Added Pin To Net: NetName=VCC Pin=1k-2
Added Pin To Net: NetName=NetC1_1 Pin=C1-1
Added Pin To Net: NetName=GND Pin=C1-2
Added Pin To Net: NetName=VCC Pin=C2-1
Added Pin To Net: NetName=GND Pin=C2-2
Added Pin To Net: NetName=VCC Pin=C3-1
Added Pin To Net: NetName=GND Pin=C3-2
Added Pin To Net: NetName=VCC Pin=C4-1
Added Pin To Net: NetName=GND Pin=C4-2
Added Pin To Net: NetName=GND Pin=C5-1
Added Pin To Net: NetName=NetC5_2 Pin=C5-2
Added Pin To Net: NetName=NetC6_1 Pin=C6-1
Added Pin To Net: NetName=GND Pin=C6-2
Added Pin To Net: NetName=VCC Pin=C7-1
Added Pin To Net: NetName=GND Pin=C7-2
Added Pin To Net: NetName=GND Pin=C8-1
Added Pin To Net: NetName=NetC8_2 Pin=C8-2
Added Pin To Net: NetName=GND Pin=C9-1
Added Pin To Net: NetName=NetC9_2 Pin=C9-2
Added Pin To Net: NetName=NetD11_1 Pin=D11-1
Added Pin To Net: NetName=NetD11_2 Pin=D11-2
Added Pin To Net: NetName=NetD11_3 Pin=D11-3
Added Pin To Net: NetName=NetD11_4 Pin=D11-4
Added Pin To Net: NetName=NetD11_5 Pin=D11-5
Added Pin To Net: NetName=NetD11_6 Pin=D11-6
Added Pin To Net: NetName=NetD11_7 Pin=D11-7
Added Pin To Net: NetName=NetD11_3 Pin=D11-8
Added Pin To Net: NetName=NetD11_9 Pin=D11-9
Added Pin To Net: NetName=NetD11_10 Pin=D11-10
Added Pin To Net: NetName=NetD1_1 Pin=DC 9V-12V-1
Added Pin To Net: NetName=GND Pin=DC 9V-12V-2
Added Pin To Net: NetName=GND Pin=DC 9V-12V-3
Added Pin To Net: NetName=GND Pin=H1-VIT1
Added Pin To Net: NetName=GND Pin=H2-VIT1
Added Pin To Net: NetName=GND Pin=H3-VIT1
Added Pin To Net: NetName=GND Pin=H4-VIT1
Added Pin To Net: NetName=GND Pin=H5-VIT1
Added Pin To Net: NetName=NetC1_1 Pin=IC1-1
Added Pin To Net: NetName=GND Pin=IC1-2
Added Pin To Net: NetName=VCC Pin=IC1-3
Added Pin To Net: NetName=NetIC2_1 Pin=IC2-1
Added Pin To Net: NetName=VCC Pin=IC2-9
Added Pin To Net: NetName=VCC Pin=IC2-10
Added Pin To Net: NetName=GND Pin=IC2-11
Added Pin To Net: NetName=NetC8_2 Pin=IC2-12
Added Pin To Net: NetName=NetC9_2 Pin=IC2-13
Added Pin To Net: NetName=AVR_RX Pin=IC2-14
Added Pin To Net: NetName=AVR_TX Pin=IC2-15
Added Pin To Net: NetName=PD2 Pin=IC2-16
Added Pin To Net: NetName=PD3 Pin=IC2-17
Added Pin To Net: NetName=PD4 Pin=IC2-18
Added Pin To Net: NetName=PD5 Pin=IC2-19
Added Pin To Net: NetName=PD6 Pin=IC2-20
Added Pin To Net: NetName=GND Pin=IC2-31
Added Pin To Net: NetName=NetC5_2 Pin=IC2-32
Added Pin To Net: NetName=NetIC2_33 Pin=IC2-33
Added Pin To Net: NetName=NetIC2_34 Pin=IC2-34
Added Pin To Net: NetName=NetIC2_35 Pin=IC2-35
Added Pin To Net: NetName=NetIC2_36 Pin=IC2-36
Added Pin To Net: NetName=NetIC2_37 Pin=IC2-37
Added Pin To Net: NetName=NetIC2_38 Pin=IC2-38
Added Pin To Net: NetName=NetIC2_39 Pin=IC2-39
Added Pin To Net: NetName=NetC6_1 Pin=IC2-40
Added Pin To Net: NetName=VCC Pin=J2-2
Added Pin To Net: NetName=GND Pin=J2-4
Added Pin To Net: NetName=GND Pin=J2-6
Added Pin To Net: NetName=GND Pin=J2-8
Added Pin To Net: NetName=GND Pin=J2-10
Added Pin To Net: NetName=NetC6_1 Pin=J3-1
Added Pin To Net: NetName=NetIC2_39 Pin=J3-2
Added Pin To Net: NetName=NetIC2_38 Pin=J3-3
Added Pin To Net: NetName=NetIC2_37 Pin=J3-4
Added Pin To Net: NetName=NetIC2_36 Pin=J3-5
Added Pin To Net: NetName=NetIC2_35 Pin=J3-6
Added Pin To Net: NetName=NetIC2_34 Pin=J3-7
Added Pin To Net: NetName=NetIC2_33 Pin=J3-8
Added Pin To Net: NetName=PB0 Pin=J4-1
Added Pin To Net: NetName=PB1 Pin=J4-2
Added Pin To Net: NetName=PB2 Pin=J4-3
Added Pin To Net: NetName=PB3 Pin=J4-4
Added Pin To Net: NetName=PB4 Pin=J4-5
Added Pin To Net: NetName=MOSI Pin=J4-6
Added Pin To Net: NetName=MISO Pin=J4-7
Added Pin To Net: NetName=SCK Pin=J4-8
Added Pin To Net: NetName=PC0 Pin=J5-1
Added Pin To Net: NetName=PC1 Pin=J5-2
Added Pin To Net: NetName=PC2 Pin=J5-3
Added Pin To Net: NetName=PC3 Pin=J5-4
Added Pin To Net: NetName=PC4 Pin=J5-5
Added Pin To Net: NetName=PC5 Pin=J5-6
Added Pin To Net: NetName=PC6 Pin=J5-7
Added Pin To Net: NetName=PC7 Pin=J5-8
Added Pin To Net: NetName=AVR_RX Pin=J6-1
Added Pin To Net: NetName=AVR_TX Pin=J6-2
Added Pin To Net: NetName=PD2 Pin=J6-3
Added Pin To Net: NetName=PD3 Pin=J6-4
Added Pin To Net: NetName=PD4 Pin=J6-5
Added Pin To Net: NetName=PD5 Pin=J6-6
Added Pin To Net: NetName=PD6 Pin=J6-7
Added Pin To Net: NetName=PD7 Pin=J6-8
Added Pin To Net: NetName=NetJ8_2 Pin=J8-2
Added Pin To Net: NetName=NetJ8_3 Pin=J8-3
Added Pin To Net: NetName=VCC Pin=J8-4
Added Pin To Net: NetName=GND Pin=J8-6
Added Pin To Net: NetName=VCC Pin=JP1-1
Added Pin To Net: NetName=NetJP1_2 Pin=JP1-2
Added Pin To Net: NetName=VCC Pin=JP2-1
Added Pin To Net: NetName=NetD11_3 Pin=JP2-2
Added Pin To Net: NetName=GND Pin=LCD 1602-1
Added Pin To Net: NetName=VCC Pin=LCD 1602-2
Added Pin To Net: NetName=NetLCD 1602_3 Pin=LCD 1602-3
Added Pin To Net: NetName=Net_2 Pin=PB0-1
Added Pin To Net: NetName=VCC Pin=R3-1
Added Pin To Net: NetName=NetIC2_1 Pin=R3-2
Added Pin To Net: NetName=GND Pin=R5-1
Added Pin To Net: NetName=NetLCD 1602_3 Pin=R5-2
Added Pin To Net: NetName=NetD11_1 Pin=R6-2
Added Pin To Net: NetName=NetD11_2 Pin=R7-2
Added Pin To Net: NetName=NetD11_4 Pin=R8-2
Added Pin To Net: NetName=NetD11_5 Pin=R9-2
Added Pin To Net: NetName=NetD11_6 Pin=R10-2
Added Pin To Net: NetName=NetD11_7 Pin=R11-2
Added Pin To Net: NetName=NetD11_9 Pin=R12-2
Added Pin To Net: NetName=NetD11_10 Pin=R13-2
Added Pin To Net: NetName=NetJ8_2 Pin=R14-2
Added Pin To Net: NetName=NetJ8_3 Pin=R15-2
Added Pin To Net: NetName=NetJP1_2 Pin=R?-1
Added Pin To Net: NetName=NetJP1_2 Pin=R?-1
Added Pin To Net: NetName=NetJP1_2 Pin=R?-1
Added Pin To Net: NetName=NetJP1_2 Pin=R?-1
Added Pin To Net: NetName=NetJP1_2 Pin=R?-1
Added Pin To Net: NetName=NetJP1_2 Pin=R?-1
Added Pin To Net: NetName=NetJP1_2 Pin=R?-1
Added Pin To Net: NetName=NetJP1_2 Pin=R?-1
Added Pin To Net: NetName=VCC Pin=VR1-1
Added Pin To Net: NetName=NetC6_1 Pin=VR1-2
Added Pin To Net: NetName=GND Pin=VR1-3
Added Pin To Net: NetName=NetC8_2 Pin=XT-1
Added Pin To Net: NetName=NetC9_2 Pin=XT-2
Added Member To Class: ClassName=Sheet1 Member=Component 1k
Added Member To Class: ClassName=Sheet1 Member=Component C1 1000u
Added Member To Class: ClassName=Sheet1 Member=Component C2 1000u
Added Member To Class: ClassName=Sheet1 Member=Component C3 100n
Added Member To Class: ClassName=Sheet1 Member=Component C4 100n
Added Member To Class: ClassName=Sheet1 Member=Component C5 100p
Added Member To Class: ClassName=Sheet1 Member=Component C6 100n
Added Member To Class: ClassName=Sheet1 Member=Component C7 10uF
Added Member To Class: ClassName=Sheet1 Member=Component C8 22p
Added Member To Class: ClassName=Sheet1 Member=Component C9 22p
Added Member To Class: ClassName=Sheet1 Member=Component D11 7SEG S
Added Member To Class: ClassName=Sheet1 Member=Component DC 9V-12V Jack DC 12V
Added Member To Class: ClassName=Sheet1 Member=Component H1 1
Added Member To Class: ClassName=Sheet1 Member=Component H2 1
Added Member To Class: ClassName=Sheet1 Member=Component H3 1
Added Member To Class: ClassName=Sheet1 Member=Component H4 1
Added Member To Class: ClassName=Sheet1 Member=Component H5 1
Added Member To Class: ClassName=Sheet1 Member=Component IC1 LM7805
Added Member To Class: ClassName=Sheet1 Member=Component IC2 ATMEL 16L
Added Member To Class: ClassName=Sheet1 Member=Component J2 Prog.
Added Member To Class: ClassName=Sheet1 Member=Component J3 PA
Added Member To Class: ClassName=Sheet1 Member=Component J4 PB
Added Member To Class: ClassName=Sheet1 Member=Component J5 PC
Added Member To Class: ClassName=Sheet1 Member=Component J6 PD
Added Member To Class: ClassName=Sheet1 Member=Component J8 JP6
Added Member To Class: ClassName=Sheet1 Member=Component JP1 Jumper 2
Added Member To Class: ClassName=Sheet1 Member=Component JP2 Jumper 2
Added Member To Class: ClassName=Sheet1 Member=Component LCD 1602 LCD16x2A
Added Member To Class: ClassName=Sheet1 Member=Component LG1 1
Added Member To Class: ClassName=Sheet1 Member=Component PB0
Added Member To Class: ClassName=Sheet1 Member=Component PB1
Added Member To Class: ClassName=Sheet1 Member=Component PB2
Added Member To Class: ClassName=Sheet1 Member=Component PB3
Added Member To Class: ClassName=Sheet1 Member=Component R3 10k
Added Member To Class: ClassName=Sheet1 Member=Component R5 1k
Added Member To Class: ClassName=Sheet1 Member=Component R6 1k
Added Member To Class: ClassName=Sheet1 Member=Component R7 1k
Added Member To Class: ClassName=Sheet1 Member=Component R8 1k
Added Member To Class: ClassName=Sheet1 Member=Component R9 1k
Added Member To Class: ClassName=Sheet1 Member=Component R10 1k
Added Member To Class: ClassName=Sheet1 Member=Component R11 1k
Added Member To Class: ClassName=Sheet1 Member=Component R12 1k
Added Member To Class: ClassName=Sheet1 Member=Component R13 1k
Added Member To Class: ClassName=Sheet1 Member=Component R14 100
Added Member To Class: ClassName=Sheet1 Member=Component R15 100
Added Member To Class: ClassName=Sheet1 Member=Component R? 1k
Added Member To Class: ClassName=Sheet1 Member=Component R? 1k
Added Member To Class: ClassName=Sheet1 Member=Component R? 1k
Added Member To Class: ClassName=Sheet1 Member=Component R? 1k
Added Member To Class: ClassName=Sheet1 Member=Component R? 1k
Added Member To Class: ClassName=Sheet1 Member=Component R? 1k
Added Member To Class: ClassName=Sheet1 Member=Component R? 1k
Added Member To Class: ClassName=Sheet1 Member=Component R? 1k
Added Member To Class: ClassName=Sheet1 Member=Component RESET
Added Member To Class: ClassName=Sheet1 Member=Component 
Added Member To Class: ClassName=Sheet1 Member=Component  Jumper 2
Added Member To Class: ClassName=Sheet1 Member=Component  LED 4
Added Member To Class: ClassName=Sheet1 Member=Component 
Added Member To Class: ClassName=Sheet1 Member=Component  Jumper 2
Added Member To Class: ClassName=Sheet1 Member=Component 
Added Member To Class: ClassName=Sheet1 Member=Component 
Added Member To Class: ClassName=Sheet1 Member=Component  LED 1
Added Member To Class: ClassName=Sheet1 Member=Component 
Added Member To Class: ClassName=Sheet1 Member=Component  Jumper 2
Added Member To Class: ClassName=Sheet1 Member=Component  Jumper 2
Added Member To Class: ClassName=Sheet1 Member=Component  B5
Added Member To Class: ClassName=Sheet1 Member=Component  LED 3
Added Member To Class: ClassName=Sheet1 Member=Component  LED 7
Added Member To Class: ClassName=Sheet1 Member=Component 
Added Member To Class: ClassName=Sheet1 Member=Component  LED 6
Added Member To Class: ClassName=Sheet1 Member=Component  LED 2
Added Member To Class: ClassName=Sheet1 Member=Component  LED 8
Added Member To Class: ClassName=Sheet1 Member=Component  B2
Added Member To Class: ClassName=Sheet1 Member=Component  LED 5
Added Member To Class: ClassName=Sheet1 Member=Component  B3
Added Member To Class: ClassName=Sheet1 Member=Component  B4
Added Member To Class: ClassName=Sheet1 Member=Component 
Added Member To Class: ClassName=Sheet1 Member=Component  B1
Added Member To Class: ClassName=Sheet1 Member=Component VR1 10K
Added Member To Class: ClassName=Sheet1 Member=Component XT 10Mhz
