Removed Pin From Net: NetName=NetJP1_2 Pin=R2-1
Removed Pin From Net: NetName=NetD2_1 Pin=R2-2
Removed Pin From Net: NetName=VCC Pin=R3-1
Removed Pin From Net: NetName=PB0 Pin=R3-2
Removed Pin From Net: NetName=NetJP1_2 Pin=R4-1
Removed Pin From Net: NetName=NetD3_1 Pin=R4-2
Removed Pin From Net: NetName=NetJP1_2 Pin=R16-1
Removed Pin From Net: NetName=NetD4_1 Pin=R16-2
Removed Pin From Net: NetName=NetJP1_2 Pin=R17-1
Removed Pin From Net: NetName=NetD5_1 Pin=R17-2
Removed Pin From Net: NetName=NetJP1_2 Pin=R18-1
Removed Pin From Net: NetName=NetD6_1 Pin=R18-2
Removed Pin From Net: NetName=NetJP1_2 Pin=R19-1
Removed Pin From Net: NetName=NetD7_1 Pin=R19-2
Removed Pin From Net: NetName=NetJP1_2 Pin=R20-1
Removed Pin From Net: NetName=NetD8_1 Pin=R20-2
Removed Pin From Net: NetName=VCC Pin=R21-1
Removed Pin From Net: NetName=PB1 Pin=R21-2
Removed Pin From Net: NetName=VCC Pin=R22-1
Removed Pin From Net: NetName=PB2 Pin=R22-2
Removed Pin From Net: NetName=VCC Pin=R23-1
Removed Pin From Net: NetName=PB3 Pin=R23-2
Removed Pin From Net: NetName=VCC Pin=R24-1
Removed Pin From Net: NetName=PB4 Pin=R24-2
Removed Pin From Net: NetName=VCC Pin=R25-1
Removed Pin From Net: NetName=MOSI Pin=R25-2
Removed Pin From Net: NetName=VCC Pin=R26-1
Removed Pin From Net: NetName=MISO Pin=R26-2
Removed Pin From Net: NetName=VCC Pin=R27-1
Removed Pin From Net: NetName=SCK Pin=R27-2
Removed Pin From Net: NetName=NetJP1_2 Pin=R28-1
Removed Pin From Net: NetName=NetD9_1 Pin=R28-2
Removed Member From Class: ClassName=Sheet1 Member=R18
Removed Member From Class: ClassName=Sheet1 Member=R21
Removed Member From Class: ClassName=Sheet1 Member=R22
Removed Member From Class: ClassName=Sheet1 Member=R23
Removed Member From Class: ClassName=Sheet1 Member=R24
Removed Member From Class: ClassName=Sheet1 Member=R25
Removed Member From Class: ClassName=Sheet1 Member=R26
Removed Member From Class: ClassName=Sheet1 Member=R27
Removed Member From Class: ClassName=Sheet1 Member=R28
Change Component Footprint: Designator=R3 Old Footprint=SM-1206 New Footprint=RN8
Change Component Footprint: Designator=R4 Old Footprint=SM-1206 New Footprint=RN8
Change component parameters: Designator = "R3" ("R3"); Footprint = "SM-1206"; UniqueID = "\WHBPNFCO" ("\WHBPNFCO")
Change component parameters (AddParameter): Name = "Value"; Value = "10K"; VariantName = "[No Variations]"
Change component parameters: Designator = "R4" ("R4"); Footprint = "SM-1206"; UniqueID = "\JEDIUDET" ("\JEDIUDET")
Change component parameters (AddParameter): Name = "Value"; Value = "10K"; VariantName = "[No Variations]"
Added Pin To Net: NetName=SCK Pin=R3-1
Added Pin To Net: NetName=MISO Pin=R3-2
Added Pin To Net: NetName=MOSI Pin=R3-3
Added Pin To Net: NetName=PB4 Pin=R3-4
Added Pin To Net: NetName=VCC Pin=R3-5
Added Pin To Net: NetName=PB3 Pin=R3-6
Added Pin To Net: NetName=PB2 Pin=R3-7
Added Pin To Net: NetName=PB1 Pin=R3-8
Added Pin To Net: NetName=PB0 Pin=R3-9
Added Pin To Net: NetName=NetD9_1 Pin=R4-1
Added Pin To Net: NetName=NetD8_1 Pin=R4-2
Added Pin To Net: NetName=NetD7_1 Pin=R4-3
Added Pin To Net: NetName=NetD6_1 Pin=R4-4
Added Pin To Net: NetName=NetJP1_2 Pin=R4-5
Added Pin To Net: NetName=NetD5_1 Pin=R4-6
Added Pin To Net: NetName=NetD4_1 Pin=R4-7
Added Pin To Net: NetName=NetD3_1 Pin=R4-8
Added Pin To Net: NetName=NetD2_1 Pin=R4-9
Added Member To Class: ClassName=Sheet1 Member=Component R1
Added Member To Class: ClassName=Sheet1 Member=Component R4 1K
Added Room: Name=Sheet1
