Removed Pin From Net: NetName=NetD2_1 Pin=D2-1
Removed Pin From Net: NetName=AVR_RX Pin=D2-2
Removed Pin From Net: NetName=NetD3_1 Pin=D3-1
Removed Pin From Net: NetName=AVR_TX Pin=D3-2
Removed Pin From Net: NetName=NetD4_1 Pin=D4-1
Removed Pin From Net: NetName=PD2 Pin=D4-2
Removed Pin From Net: NetName=NetD5_1 Pin=D5-1
Removed Pin From Net: NetName=PD3 Pin=D5-2
Removed Pin From Net: NetName=NetD6_1 Pin=D6-1
Removed Pin From Net: NetName=PD4 Pin=D6-2
Removed Pin From Net: NetName=NetD7_1 Pin=D7-1
Removed Pin From Net: NetName=PD5 Pin=D7-2
Removed Pin From Net: NetName=NetD8_1 Pin=D8-1
Removed Pin From Net: NetName=PD6 Pin=D8-2
Removed Pin From Net: NetName=NetD9_1 Pin=D9-1
Removed Pin From Net: NetName=PD7 Pin=D9-2
Removed Pin From Net: NetName=NetD9_1 Pin=R4-1
Removed Pin From Net: NetName=NetD8_1 Pin=R4-2
Removed Pin From Net: NetName=NetD7_1 Pin=R4-3
Removed Pin From Net: NetName=NetD6_1 Pin=R4-4
Removed Pin From Net: NetName=NetD5_1 Pin=R4-6
Removed Pin From Net: NetName=NetD4_1 Pin=R4-7
Removed Pin From Net: NetName=NetD3_1 Pin=R4-8
Removed Pin From Net: NetName=NetD2_1 Pin=R4-9
Removed Member From Class: ClassName=Sheet1 Member=D2
Removed Member From Class: ClassName=Sheet1 Member=D3
Removed Member From Class: ClassName=Sheet1 Member=D4
Removed Member From Class: ClassName=Sheet1 Member=D5
Removed Member From Class: ClassName=Sheet1 Member=D6
Removed Member From Class: ClassName=Sheet1 Member=D7
Removed Member From Class: ClassName=Sheet1 Member=D8
Removed Member From Class: ClassName=Sheet1 Member=D9
Added Component: Designator=LED?(LED-3)
Add component (AddParameter): Name = "Value"; Value = "LED 3 ly Single Colour"; VariantName = "[No Variations]"
Added Component: Designator=LED?(LED-3)
Add component (AddParameter): Name = "Value"; Value = "LED 3 ly Single Colour"; VariantName = "[No Variations]"
Added Component: Designator=LED?(LED-3)
Add component (AddParameter): Name = "Value"; Value = "LED 3 ly Single Colour"; VariantName = "[No Variations]"
Added Component: Designator=LED?(LED-3)
Add component (AddParameter): Name = "Value"; Value = "LED 3 ly Single Colour"; VariantName = "[No Variations]"
Added Component: Designator=LED?(LED-3)
Add component (AddParameter): Name = "Value"; Value = "LED 3 ly Single Colour"; VariantName = "[No Variations]"
Added Component: Designator=LED?(LED-3)
Add component (AddParameter): Name = "Value"; Value = "LED 3 ly Single Colour"; VariantName = "[No Variations]"
Added Component: Designator=LED?(LED-3)
Add component (AddParameter): Name = "Value"; Value = "LED 3 ly Single Colour"; VariantName = "[No Variations]"
Added Component: Designator=LED?(LED-3)
Add component (AddParameter): Name = "Value"; Value = "LED 3 ly Single Colour"; VariantName = "[No Variations]"
Added Pin To Net: NetName=NetD2_1 Pin=LED?-1
Added Pin To Net: NetName=NetD3_1 Pin=LED?-1
Added Pin To Net: NetName=NetD4_1 Pin=LED?-1
Added Pin To Net: NetName=NetD5_1 Pin=LED?-1
Added Pin To Net: NetName=NetD6_1 Pin=LED?-1
Added Pin To Net: NetName=NetD7_1 Pin=LED?-1
Added Pin To Net: NetName=NetD8_1 Pin=LED?-1
Added Pin To Net: NetName=NetD9_1 Pin=LED?-1
Added Pin To Net: NetName=AVR_RX Pin=LED?-2
Added Pin To Net: NetName=AVR_TX Pin=LED?-2
Added Pin To Net: NetName=PD2 Pin=LED?-2
Added Pin To Net: NetName=PD3 Pin=LED?-2
Added Pin To Net: NetName=PD4 Pin=LED?-2
Added Pin To Net: NetName=PD5 Pin=LED?-2
Added Pin To Net: NetName=PD6 Pin=LED?-2
Added Pin To Net: NetName=PD7 Pin=LED?-2
Added Pin To Net: NetName=NetD2_1 Pin=R4-1
Added Pin To Net: NetName=NetD3_1 Pin=R4-2
Added Pin To Net: NetName=NetD4_1 Pin=R4-3
Added Pin To Net: NetName=NetD5_1 Pin=R4-4
Added Pin To Net: NetName=NetD6_1 Pin=R4-6
Added Pin To Net: NetName=NetD7_1 Pin=R4-7
Added Pin To Net: NetName=NetD8_1 Pin=R4-8
Added Pin To Net: NetName=NetD9_1 Pin=R4-9
Change Net Name : Old Net Name=NetD2_1 New Net Name=NetLED?_1
Change Net Name : Old Net Name=NetD3_1 New Net Name=NetLED?_1
Change Net Name : Old Net Name=NetD4_1 New Net Name=NetLED?_1
Change Net Name : Old Net Name=NetD5_1 New Net Name=NetLED?_1
Change Net Name : Old Net Name=NetD6_1 New Net Name=NetLED?_1
Change Net Name : Old Net Name=NetD7_1 New Net Name=NetLED?_1
Change Net Name : Old Net Name=NetD8_1 New Net Name=NetLED?_1
Change Net Name : Old Net Name=NetD9_1 New Net Name=NetLED?_1
Added Member To Class: ClassName=Sheet1 Member=Component LED? LED
Added Member To Class: ClassName=Sheet1 Member=Component LED? LED
Added Member To Class: ClassName=Sheet1 Member=Component LED? LED
Added Member To Class: ClassName=Sheet1 Member=Component LED? LED
Added Member To Class: ClassName=Sheet1 Member=Component LED? LED
Added Member To Class: ClassName=Sheet1 Member=Component LED? LED
Added Member To Class: ClassName=Sheet1 Member=Component LED? LED
Added Member To Class: ClassName=Sheet1 Member=Component LED? LED
Added Room: Name=Sheet1
