Removed Pin From Net: NetName=GND Pin=LCD1-1
Removed Pin From Net: NetName=VCC Pin=LCD1-2
Removed Pin From Net: NetName=NetLCD1_3 Pin=LCD1-3
Removed Pin From Net: NetName=PD6 Pin=LCD1-4
Removed Pin From Net: NetName=PD5 Pin=LCD1-5
Removed Pin From Net: NetName=PD7 Pin=LCD1-6
Removed Pin From Net: NetName=PC0 Pin=LCD1-7
Removed Pin From Net: NetName=PC1 Pin=LCD1-8
Removed Pin From Net: NetName=PC2 Pin=LCD1-9
Removed Pin From Net: NetName=PC3 Pin=LCD1-10
Removed Pin From Net: NetName=PC4 Pin=LCD1-11
Removed Pin From Net: NetName=PC5 Pin=LCD1-12
Removed Pin From Net: NetName=PC6 Pin=LCD1-13
Removed Pin From Net: NetName=PC7 Pin=LCD1-14
Removed Member From Class: ClassName=Sheet1 Member=LCD1
Added Component: Designator=C?(JP16-D1C)
Add component (AddParameter): Name = "ComponentLink1 Description"; Value = "Manufacturer"; VariantName = "[No Variations]"
Add component (AddParameter): Name = "ComponentLink1URL"; Value = "http://www.we-online.com"; VariantName = "[No Variations]"
Add component (AddParameter): Name = "ComponentLink2 Description"; Value = "Datasheet"; VariantName = "[No Variations]"
Add component (AddParameter): Name = "ComponentLink2URL"; Value = "http://katalog.we-online.de/em/datasheet/6130xx143121.pdf"; VariantName = "[No Variations]"
Add component (AddParameter): Name = "Created by"; Value = "Karrer Zheng"; VariantName = "[No Variations]"
Add component (AddParameter): Name = "Created Date"; Value = "29 March 2013"; VariantName = "[No Variations]"
Add component (AddParameter): Name = "Manufacturer"; Value = "W¨¹rth Elektronik eiSos GmbH"; VariantName = "[No Variations]"
Add component (AddParameter): Name = "NoPins"; Value = "16"; VariantName = "[No Variations]"
Add component (AddParameter): Name = "partNo"; Value = "613016143121"; VariantName = "[No Variations]"
Added Pin To Net: NetName=GND Pin=C?-1
Added Pin To Net: NetName=VCC Pin=C?-2
Added Pin To Net: NetName=NetLCD1_3 Pin=C?-3
Added Pin To Net: NetName=PD6 Pin=C?-4
Added Pin To Net: NetName=PD5 Pin=C?-5
Added Pin To Net: NetName=PD7 Pin=C?-6
Added Pin To Net: NetName=PC0 Pin=C?-7
Added Pin To Net: NetName=PC1 Pin=C?-8
Added Pin To Net: NetName=PC2 Pin=C?-9
Added Pin To Net: NetName=PC3 Pin=C?-10
Added Pin To Net: NetName=PC4 Pin=C?-11
Added Pin To Net: NetName=PC5 Pin=C?-12
Added Pin To Net: NetName=PC6 Pin=C?-13
Added Pin To Net: NetName=PC7 Pin=C?-14
Change Net Name : Old Net Name=NetLCD1_3 New Net Name=NetC?_3
Added Member To Class: ClassName=Sheet1 Member=Component C? JP16
Added Room: Name=Sheet1
